  Renderer.cpp
D:\캡디\project\Capstone_Design_Team_Dress_Up\Opengl\Opengl\ObjParser.h(143,33): warning C4101: 'uvIndex' :참조되지 않은 지역 변수입니다.
D:\캡디\project\Capstone_Design_Team_Dress_Up\Opengl\Opengl\ObjParser.h(143,45): warning C4101: 'normalIndex' :참조되지 않은 지역 변수입니다.
D:\캡디\project\Capstone_Design_Team_Dress_Up\Opengl\Opengl\SocketServer.h(4,1): warning C4005: 'WIN32_LEAN_AND_MEAN': 매크로 재정의
D:\캡디\project\Capstone_Design_Team_Dress_Up\Opengl\Opengl\gl\freeglut_std.h(58): message : 'WIN32_LEAN_AND_MEAN'의 이전 정의를 참조하십시오.
D:\캡디\project\Capstone_Design_Team_Dress_Up\Opengl\Opengl\Renderer.cpp(45,24): warning C4244: '=': 'GLuint'에서 'GLfloat'(으)로 변환하면서 데이터가 손실될 수 있습니다.
D:\캡디\project\Capstone_Design_Team_Dress_Up\Opengl\Opengl\Renderer.cpp(513,29): warning C4018: '<': signed 또는 unsigned가 일치하지 않습니다.
  stb_image.cpp
  코드를 생성하고 있습니다...
Renderer.obj : error LNK2019: __imp__glutInitWindowPosition@8"void __cdecl InitializeWindow(int,char * * const)" (?InitializeWindow@@YAXHQAPAD@Z) 함수에서 참조되는 확인할 수 없는 외부 기호
Renderer.obj : error LNK2019: __imp__glutInitWindowSize@8"void __cdecl InitializeWindow(int,char * * const)" (?InitializeWindow@@YAXHQAPAD@Z) 함수에서 참조되는 확인할 수 없는 외부 기호
Renderer.obj : error LNK2019: __imp__glutInitDisplayMode@4"void __cdecl InitializeWindow(int,char * * const)" (?InitializeWindow@@YAXHQAPAD@Z) 함수에서 참조되는 확인할 수 없는 외부 기호
Renderer.obj : error LNK2019: __imp__glutMainLoop@0__catch$_main$0 함수에서 참조되는 확인할 수 없는 외부 기호
Renderer.obj : error LNK2019: __imp__glutPostRedisplay@0"void __cdecl idle(void)" (?idle@@YAXXZ) 함수에서 참조되는 확인할 수 없는 외부 기호
Renderer.obj : error LNK2019: __imp__glutSwapBuffers@0"void __cdecl display(void)" (?display@@YAXXZ) 함수에서 참조되는 확인할 수 없는 외부 기호
Renderer.obj : error LNK2019: __imp__glutIdleFunc@4"void __cdecl InitializeWindow(int,char * * const)" (?InitializeWindow@@YAXHQAPAD@Z) 함수에서 참조되는 확인할 수 없는 외부 기호
Renderer.obj : error LNK2019: __imp__glutSpecialFunc@4"void __cdecl InitializeWindow(int,char * * const)" (?InitializeWindow@@YAXHQAPAD@Z) 함수에서 참조되는 확인할 수 없는 외부 기호
Renderer.obj : error LNK2019: __imp__glutReshapeFunc@4"void __cdecl InitializeWindow(int,char * * const)" (?InitializeWindow@@YAXHQAPAD@Z) 함수에서 참조되는 확인할 수 없는 외부 기호
Renderer.obj : error LNK2019: __imp__glutDisplayFunc@4"void __cdecl InitializeWindow(int,char * * const)" (?InitializeWindow@@YAXHQAPAD@Z) 함수에서 참조되는 확인할 수 없는 외부 기호
Renderer.obj : error LNK2019: __imp__glutMouseFunc@4"void __cdecl InitializeWindow(int,char * * const)" (?InitializeWindow@@YAXHQAPAD@Z) 함수에서 참조되는 확인할 수 없는 외부 기호
Renderer.obj : error LNK2019: __imp__glutMotionFunc@4"void __cdecl InitializeWindow(int,char * * const)" (?InitializeWindow@@YAXHQAPAD@Z) 함수에서 참조되는 확인할 수 없는 외부 기호
Renderer.obj : error LNK2019: __imp__glutGet@4"void __cdecl idle(void)" (?idle@@YAXXZ) 함수에서 참조되는 확인할 수 없는 외부 기호
Renderer.obj : error LNK2019: __imp__glutBitmapCharacter@8"void __cdecl draw_center(void)" (?draw_center@@YAXXZ) 함수에서 참조되는 확인할 수 없는 외부 기호
Renderer.obj : error LNK2019: __imp____glutInitWithExit@12_glutInit_ATEXIT_HACK@8 함수에서 참조되는 확인할 수 없는 외부 기호
Renderer.obj : error LNK2019: __imp____glutCreateWindowWithExit@8_glutCreateWindow_ATEXIT_HACK@4 함수에서 참조되는 확인할 수 없는 외부 기호
Renderer.obj : error LNK2019: __imp__glutLeaveMainLoop@0"void __cdecl close(void)" (?close@@YAXXZ) 함수에서 참조되는 확인할 수 없는 외부 기호
Renderer.obj : error LNK2019: __imp__glutCloseFunc@4"void __cdecl InitializeWindow(int,char * * const)" (?InitializeWindow@@YAXHQAPAD@Z) 함수에서 참조되는 확인할 수 없는 외부 기호
Renderer.obj : error LNK2019: __imp__glutSetOption@8"void __cdecl InitializeWindow(int,char * * const)" (?InitializeWindow@@YAXHQAPAD@Z) 함수에서 참조되는 확인할 수 없는 외부 기호
Renderer.obj : error LNK2019: _glActiveTexture@4"void __cdecl display(void)" (?display@@YAXXZ) 함수에서 참조되는 확인할 수 없는 외부 기호
freeglut.lib : warning LNK4272: 'x64' 라이브러리 컴퓨터 종류가 'x86' 대상 컴퓨터 종류와 충돌합니다.
D:\캡디\project\Capstone_Design_Team_Dress_Up\Opengl\Debug\Opengl.exe : fatal error LNK1120: 20개의 확인할 수 없는 외부 참조입니다.
